
[0m[2m[35m$[0m [2m[1mtsup-node[0m
[34mCLI[39m Building entry: src/node/index.ts
[34mCLI[39m Using tsconfig: tsconfig.json
[34mCLI[39m tsup v8.4.0
[34mCLI[39m Using tsup config: /Users/maximilianschon/skrift/packages/render/tsup.config.ts
[34mCLI[39m Building entry: src/browser/index.ts
[34mCLI[39m Using tsconfig: tsconfig.json
[34mCLI[39m tsup v8.4.0
[34mCLI[39m Using tsup config: /Users/maximilianschon/skrift/packages/render/tsup.config.ts
[34mCLI[39m Target: es6
[34mCJS[39m Build start
[34mESM[39m Build start
[34mCLI[39m Target: es6
[34mCJS[39m Build start
[34mESM[39m Build start
[32mCJS[39m [1mdist/node/index.js [22m[32m7.73 KB[39m
[32mCJS[39m ⚡️ Build success in 25ms
[32mESM[39m [1mdist/node/index.mjs [22m[32m5.99 KB[39m
[32mESM[39m ⚡️ Build success in 25ms
[32mCJS[39m [1mdist/browser/index.js [22m[32m7.32 KB[39m
[32mCJS[39m ⚡️ Build success in 31ms
[32mESM[39m [1mdist/browser/index.mjs [22m[32m5.59 KB[39m
[32mESM[39m ⚡️ Build success in 31ms
DTS Build start
DTS Build start
DTS ⚡️ Build success in 1065ms
DTS dist/node/index.d.ts  988.00 B
DTS dist/node/index.d.mts 988.00 B
DTS ⚡️ Build success in 1096ms
DTS dist/browser/index.d.ts  988.00 B
DTS dist/browser/index.d.mts 988.00 B
